# JRE version: OpenJDK Runtime Environment (Red_Hat-21.0.4.0+7-1) (21.0.4+7) (build 21.0.4+7-LTS)
# Java VM: OpenJDK 64-Bit Server VM (Red_Hat-21.0.4.0+7-1) (21.0.4+7-LTS, mixed mode, sharing, tiered, compressed oops, compressed class ptrs, g1 gc, windows-amd64)
GC Precious Log:
 CardTable entry size: 512
 Card Set container configuration: InlinePtr #cards 4 size 8 Array Of Cards #cards 64 size 144 Howl #buckets 8 coarsen threshold 14745 Howl Bitmap #cards 2048 size 272 coarsen threshold 1843 Card regions per heap region 1 cards per card region 16384
 CPUs: 32 total, 32 available
 Memory: 65276M
 Large Page Support: Disabled
 NUMA Support: Disabled
 Compressed Oops: Enabled (Zero based)
 Heap Region Size: 8M
 Heap Min Capacity: 8M
 Heap Initial Capacity: 1G
 Heap Max Capacity: 16320M
 Pre-touch: Disabled
 Parallel Workers: 23
 Concurrent Workers: 6
 Concurrent Refinement Workers: 23
 Periodic GC: Disabled
Heap:
 garbage-first heap   total 98304K, used 37923K [0x0000000404000000, 0x0000000800000000)
  region size 8192K, 4 young (32768K), 1 survivors (8192K)
 Metaspace       used 38464K, committed 38912K, reserved 1114112K
  class space    used 4960K, committed 5184K, reserved 1048576K
GC Heap History (12 events):
Event: 0.567 GC heap before
{Heap before GC invocations=0 (full 0):
 garbage-first heap   total 1048576K, used 40960K [0x0000000404000000, 0x0000000800000000)
  region size 8192K, 6 young (49152K), 0 survivors (0K)
 Metaspace       used 8085K, committed 8320K, reserved 1114112K
  class space    used 944K, committed 1088K, reserved 1048576K
}
Event: 0.571 GC heap after
{Heap after GC invocations=1 (full 0):
 garbage-first heap   total 1048576K, used 8521K [0x0000000404000000, 0x0000000800000000)
  region size 8192K, 1 young (8192K), 1 survivors (8192K)
 Metaspace       used 8085K, committed 8320K, reserved 1114112K
  class space    used 944K, committed 1088K, reserved 1048576K
}
Event: 0.872 GC heap before
{Heap before GC invocations=1 (full 0):
 garbage-first heap   total 1048576K, used 49481K [0x0000000404000000, 0x0000000800000000)
  region size 8192K, 6 young (49152K), 1 survivors (8192K)
 Metaspace       used 17361K, committed 17664K, reserved 1114112K
  class space    used 2119K, committed 2240K, reserved 1048576K
}
Event: 0.875 GC heap after
{Heap after GC invocations=2 (full 0):
 garbage-first heap   total 1048576K, used 11514K [0x0000000404000000, 0x0000000800000000)
  region size 8192K, 1 young (8192K), 1 survivors (8192K)
 Metaspace       used 17361K, committed 17664K, reserved 1114112K
  class space    used 2119K, committed 2240K, reserved 1048576K
}
Event: 0.965 GC heap before
{Heap before GC invocations=2 (full 0):
 garbage-first heap   total 1048576K, used 19706K [0x0000000404000000, 0x0000000800000000)
  region size 8192K, 4 young (32768K), 1 survivors (8192K)
 Metaspace       used 21293K, committed 21504K, reserved 1114112K
  class space    used 2729K, committed 2816K, reserved 1048576K
}
Event: 0.966 GC heap after
{Heap after GC invocations=3 (full 0):
 garbage-first heap   total 1048576K, used 12377K [0x0000000404000000, 0x0000000800000000)
  region size 8192K, 1 young (8192K), 1 survivors (8192K)
 Metaspace       used 21293K, committed 21504K, reserved 1114112K
  class space    used 2729K, committed 2816K, reserved 1048576K
}
Event: 1.313 GC heap before
{Heap before GC invocations=4 (full 0):
 garbage-first heap   total 81920K, used 69721K [0x0000000404000000, 0x0000000800000000)
  region size 8192K, 8 young (65536K), 1 survivors (8192K)
 Metaspace       used 27017K, committed 27392K, reserved 1114112K
  class space    used 3421K, committed 3584K, reserved 1048576K
}
Event: 1.316 GC heap after
{Heap after GC invocations=5 (full 0):
 garbage-first heap   total 98304K, used 17614K [0x0000000404000000, 0x0000000800000000)
  region size 8192K, 2 young (16384K), 2 survivors (16384K)
 Metaspace       used 27017K, committed 27392K, reserved 1114112K
  class space    used 3421K, committed 3584K, reserved 1048576K
}
Event: 1.616 GC heap before
{Heap before GC invocations=5 (full 0):
 garbage-first heap   total 98304K, used 58574K [0x0000000404000000, 0x0000000800000000)
  region size 8192K, 7 young (57344K), 2 survivors (16384K)
 Metaspace       used 31778K, committed 32128K, reserved 1114112K
  class space    used 4093K, committed 4224K, reserved 1048576K
}
Event: 1.618 GC heap after
{Heap after GC invocations=6 (full 0):
 garbage-first heap   total 98304K, used 20143K [0x0000000404000000, 0x0000000800000000)
  region size 8192K, 1 young (8192K), 1 survivors (8192K)
 Metaspace       used 31778K, committed 32128K, reserved 1114112K
  class space    used 4093K, committed 4224K, reserved 1048576K
}
Event: 1.824 GC heap before
{Heap before GC invocations=6 (full 0):
 garbage-first heap   total 98304K, used 36527K [0x0000000404000000, 0x0000000800000000)
  region size 8192K, 4 young (32768K), 1 survivors (8192K)
 Metaspace       used 36116K, committed 36480K, reserved 1114112K
  class space    used 4625K, committed 4800K, reserved 1048576K
}
Event: 1.825 GC heap after
{Heap after GC invocations=7 (full 0):
 garbage-first heap   total 98304K, used 21539K [0x0000000404000000, 0x0000000800000000)
  region size 8192K, 1 young (8192K), 1 survivors (8192K)
 Metaspace       used 36116K, committed 36480K, reserved 1114112K
  class space    used 4625K, committed 4800K, reserved 1048576K
}

